2022-04-02 10:59:48-log: [Package] menu@1.0.0 enable
2022-04-02 10:59:48-log: [Package] profile@1.0.0 enable
2022-04-02 10:59:48-log: [Package] project@1.0.1 enable
2022-04-02 10:59:48-log: [Package] messages@1.0.0 enable
2022-04-02 10:59:48-log: [Package] program@1.0.0 enable
2022-04-02 10:59:48-log: [Package] device@1.0.1 enable
2022-04-02 10:59:48-log: [Package] ui-kit@1.0.1 enable
2022-04-02 10:59:48-log: [Package] tester@1.0.0 enable
2022-04-02 10:59:48-log: [Package] preferences@1.0.0 enable
2022-04-02 10:59:49-log: Setup mods mgr.: 285.793ms
2022-04-02 10:59:49-log: [Package] engine@1.0.5 enable
2022-04-02 10:59:51-log: [Package] programming@1.0.0 enable
2022-04-02 10:59:51-log: [Package] engine-extends@1.0.0 enable
2022-04-02 10:59:51-log: [Package] asset-db@1.0.0 enable
2022-04-02 10:59:51-log: [Package] console@1.0.0 enable
2022-04-02 10:59:52-log: [Package] scene@1.0.0 enable
2022-04-02 10:59:52-log: [Package] about@1.0.0 enable
2022-04-02 10:59:52-log: [Package] server@1.0.0 enable
2022-04-02 10:59:52-log: [Package] utils@1.0.0 enable
2022-04-02 10:59:52-log: [Package] assets@1.0.0 enable
2022-04-02 10:59:52-log: [Package] inspector@1.0.0 enable
2022-04-02 10:59:52-log: [Package] hierarchy@1.0.0 enable
2022-04-02 10:59:53-log: [Package] preview@1.0.1 enable
2022-04-02 10:59:54-log: [Package] builder@1.3.1 enable
2022-04-02 10:59:54-log: [Package] node-library@1.0.0 enable
2022-04-02 10:59:54-log: [Package] shortcuts@1.0.1 enable
2022-04-02 10:59:54-log: [Package] package-asset@1.0.0 enable
2022-04-02 10:59:54-log: [Package] reference-image@1.0.0 enable
2022-04-02 10:59:54-log: [Package] animation-graph@1.0.0 enable
2022-04-02 10:59:54-log: [Package] channel-upload-tools@1.0.0 enable
2022-04-02 10:59:54-log: [Package] runtime-dev-tools@1.0.0 enable
2022-04-02 10:59:54-log: [Package] lightmap@1.0.4 enable
2022-04-02 10:59:54-log: [Package] alipay-mini-game@1.0.0 enable
2022-04-02 10:59:54-log: [Package] android@1.0.0 enable
2022-04-02 10:59:54-log: [Package] baidu-mini-game@1.0.0 enable
2022-04-02 10:59:54-log: [Package] bytedance-mini-game@1.0.1 enable
2022-04-02 10:59:54-log: [Package] huawei-agc@1.0.0 enable
2022-04-02 10:59:55-log: [Package] ios@1.0.0 enable
2022-04-02 10:59:55-log: [Package] ios-app-clip@1.0.0 enable
2022-04-02 10:59:55-log: [Package] mac@1.0.0 enable
2022-04-02 10:59:55-log: [Package] native@1.0.0 enable
2022-04-02 10:59:55-log: [Package] ohos@1.0.0 enable
2022-04-02 10:59:55-log: [Package] web-desktop@1.0.0 enable
2022-04-02 10:59:55-log: [Package] web-mobile@1.0.0 enable
2022-04-02 10:59:55-log: [Package] wechatgame@1.0.1 enable
2022-04-02 10:59:55-log: [Package] windows@1.0.0 enable
2022-04-02 10:59:55-log: [Package] xiaomi-quick-game@1.0.0 enable
2022-04-02 10:59:55-log: [Package] cocos-play@1.0.0 enable
2022-04-02 10:59:55-log: [Package] huawei-quick-game@1.0.0 enable
2022-04-02 10:59:55-log: [Package] link-sure@1.0.0 enable
2022-04-02 10:59:55-log: [Package] oppo-mini-game@1.0.0 enable
2022-04-02 10:59:55-log: [Package] qtt@1.0.0 enable
2022-04-02 10:59:55-log: [Package] vivo-mini-game@1.0.0 enable
2022-04-02 10:59:56-log: [Package] cocos-service@3.0.2 enable
2022-04-02 10:59:56-log: [Package] importer@1.0.0 enable
2022-04-02 10:59:56-log: [Package] extension@3.0.15 enable
2022-04-02 10:59:56-log: [Im-plugin] Check im-plugin version.
2022-04-02 10:59:56-log: [Package] im-plugin@3.0.8 enable
2022-04-02 10:59:56-log: [Package] ccc-skeleton-viewer@1.4.0.20220128 enable
2022-04-02 10:59:56-log: [Package] ccc-quick-finder@1.4.0.20210910 enable
2022-04-02 10:59:56-log: [Package] hot-update@0.0.2 enable
2022-04-02 10:59:56-log: [Package] right-click-menu-extension@1.0.0 enable
2022-04-02 10:59:57-log: [Im-plugin] Im-plugin online version is 3.0.8.
2022-04-02 10:59:57-log: [Im-plugin] Im-plugin local version is 3.0.8.
2022-04-02 10:59:57-log: [Im-plugin] Im-plugin need not update.
2022-04-02 11:00:00-warn: Browserslist: caniuse-lite is outdated. Please run:
npx browserslist@latest --update-db

Why you should do it regularly:
https://github.com/browserslist/browserslist#browsers-data-updating
2022-04-02 11:00:05-log: [Scene] Cocos Creator v3.4.2
2022-04-02 11:00:09-log: [Scene] Extensions AnimationManagerEx v1.0
2022-04-02 11:00:09-info: [Scene] Forward render pipeline initialized.
2022-04-02 11:04:51-error: [Scene] Can't add component 'cc.Label' because Label already contains the same component.
